<?xml version="1.0" encoding="UTF-8"?>
<!-- Generated by org.testng.reporters.JUnitReportReporter -->
<testsuite name="com.xiaosu.testng.getCookiesByCookieStore" tests="2" time="1.401" ignored="0" failures="0" timestamp="13 七月 2018 01:47:02 GMT" skipped="0" hostname="xiaosu-PC" errors="0">
  <testcase name="getCookies" time="1.365" classname="com.xiaosu.testng.getCookiesByCookieStore"/>
  <testcase name="testGetWithCookies" time="0.036" classname="com.xiaosu.testng.getCookiesByCookieStore"/>
</testsuite> <!-- com.xiaosu.testng.getCookiesByCookieStore -->
